<?xml version="1.0" encoding="UTF-8"?>
<!-- Generated by org.testng.reporters.JUnitReportReporter -->
<testsuite skipped="0" hostname="LAPTOP-HID1OCBH" name="com.learncucumber.testrunner.TestRunner" tests="2" failures="0" timestamp="2022-11-02T13:40:25 IST" time="120.340" errors="2">
  <testcase name="runScenario" time="54.503" classname="com.learncucumber.testrunner.TestRunner">
    <error type="java.io.FileNotFoundException" message="C:\Users\soumesh\git\Ecommerce_Cucymber_Project\com.learncucumber\Reports\Report_Excel.xlsx (The process cannot access the file because it is being used by another process)">
      <![CDATA[java.io.FileNotFoundException: C:\Users\soumesh\git\Ecommerce_Cucymber_Project\com.learncucumber\Reports\Report_Excel.xlsx (The process cannot access the file because it is being used by another process)
at java.io.FileOutputStream.open0(Native Method)
at java.io.FileOutputStream.open(FileOutputStream.java:270)
at java.io.FileOutputStream.<init>(FileOutputStream.java:213)
at java.io.FileOutputStream.<init>(FileOutputStream.java:101)
at com.learncucumber.utility.Helper.newcell(Helper.java:32)
at com.learncucumber.stepdefinition.Step_definition_8.i_open_flipkart(Step_definition_8.java:79)
at ✽.I open flipkart(file:///C:/Users/soumesh/git/Ecommerce_Cucymber_Project/com.learncucumber/Features/e_commerce_homepage.feature:18)
]]>
    </error>
  </testcase> <!-- runScenario -->
  <system-out/>
  <testcase name="runScenario" time="65.837" classname="com.learncucumber.testrunner.TestRunner">
    <error type="java.lang.NullPointerException">
      <![CDATA[java.lang.NullPointerException
at com.learncucumber.stepdefinition.Step_definition_6.i_am_logged_in_to_flipkart(Step_definition_6.java:39)
at ✽.I am logged in to flipkart(file:///C:/Users/soumesh/git/Ecommerce_Cucymber_Project/com.learncucumber/Features/e_commerce_flipKartPlus_option.feature:3)
]]>
    </error>
  </testcase> <!-- runScenario -->
  <system-out/>
</testsuite> <!-- com.learncucumber.testrunner.TestRunner -->
