<?xml version="1.0" encoding="UTF-8"?>
<!-- Generated by org.testng.reporters.JUnitReportReporter -->
<testsuite skipped="0" hostname="LAPTOP-HID1OCBH" name="com.learncucumber.stepdefinition.Step_definition_8" tests="3" failures="0" timestamp="2022-09-05T13:43:00 IST" time="13.622" errors="0">
  <testcase name="i_open_flipkart" time="1.037" classname="com.learncucumber.stepdefinition.Step_definition_8"/>
  <system-out/>
  <testcase name="i_search_a_product" time="5.807" classname="com.learncucumber.stepdefinition.Step_definition_8"/>
  <system-out/>
  <testcase name="i_should_be_able_to_fetch_brand_and_price" time="6.778" classname="com.learncucumber.stepdefinition.Step_definition_8"/>
  <system-out/>
</testsuite> <!-- com.learncucumber.stepdefinition.Step_definition_8 -->
