<?xml version="1.0" encoding="UTF-8"?>
<!-- Generated by org.testng.reporters.JUnitReportReporter -->
<testsuite skipped="0" hostname="LAPTOP-HID1OCBH" name="com.learncucumber.testrunner.TestRunner" tests="1" failures="0" timestamp="2022-09-05T13:47:49 IST" time="31.832" errors="0">
  <testcase name="runScenario" time="31.832" classname="com.learncucumber.testrunner.TestRunner"/>
  <system-out/>
</testsuite> <!-- com.learncucumber.testrunner.TestRunner -->
