<?xml version="1.0" encoding="UTF-8"?>
<!-- Generated by org.testng.reporters.JUnitReportReporter -->
<testsuite skipped="0" hostname="LAPTOP-HID1OCBH" name="com.learncucumber.stepdefinition.Step_definition_4" tests="4" failures="0" timestamp="2022-11-21T16:01:27 IST" time="69.923" errors="0">
  <testcase name="i_get_logged_in_successfully_with_username_and_password" time="1.282" classname="com.learncucumber.stepdefinition.Step_definition_4"/>
  <system-out/>
  <testcase name="i_can_verify_all_the_links_in_home_page_if_anything_is_broken" time="12.803" classname="com.learncucumber.stepdefinition.Step_definition_4"/>
  <system-out/>
  <testcase name="ishould_be_able_to_search_for_products" time="44.195" classname="com.learncucumber.stepdefinition.Step_definition_4"/>
  <system-out/>
  <testcase name="i_should_be_able_to_sort_the_products" time="11.643" classname="com.learncucumber.stepdefinition.Step_definition_4"/>
  <system-out/>
</testsuite> <!-- com.learncucumber.stepdefinition.Step_definition_4 -->
