<?xml version="1.0" encoding="UTF-8"?>
<!-- Generated by org.testng.reporters.JUnitReportReporter -->
<testsuite skipped="0" hostname="LAPTOP-HID1OCBH" name="com.learncucumber.testrunner.TestRunner" tests="1" failures="0" timestamp="2022-08-24T14:12:18 IST" time="94.711" errors="0">
  <testcase name="runScenario" time="94.711" classname="com.learncucumber.testrunner.TestRunner"/>
  <system-out/>
</testsuite> <!-- com.learncucumber.testrunner.TestRunner -->
