<?xml version="1.0" encoding="UTF-8"?>
<!-- Generated by org.testng.reporters.JUnitReportReporter -->
<testsuite skipped="0" hostname="LAPTOP-HID1OCBH" name="com.learncucumber.stepdefinition.Step_definition_7" tests="3" failures="0" timestamp="2022-11-21T16:01:27 IST" time="85.084" errors="0">
  <testcase name="i_am_in_my_home_page_and_i_searched_a_product" time="1.128" classname="com.learncucumber.stepdefinition.Step_definition_7"/>
  <system-out/>
  <testcase name="i_click_on_the_desired_product" time="80.636" classname="com.learncucumber.stepdefinition.Step_definition_7"/>
  <system-out/>
  <testcase name="i_can_click_on_add_to_cart_button" time="3.320" classname="com.learncucumber.stepdefinition.Step_definition_7"/>
  <system-out/>
</testsuite> <!-- com.learncucumber.stepdefinition.Step_definition_7 -->
