<?xml version="1.0" encoding="UTF-8"?>
<!-- Generated by org.testng.reporters.JUnitReportReporter -->
<testsuite skipped="0" hostname="LAPTOP-HID1OCBH" name="com.learncucumber.testrunner.TestRunner" tests="2" failures="0" timestamp="2022-11-22T12:49:12 IST" time="174.572" errors="2">
  <testcase name="runScenario" time="125.531" classname="com.learncucumber.testrunner.TestRunner">
    <error type="java.lang.NullPointerException">
      <![CDATA[java.lang.NullPointerException
at com.learncucumber.stepdefinition.BaseClass_withCucumber.tearDown(BaseClass_withCucumber.java:32)
]]>
    </error>
  </testcase> <!-- runScenario -->
  <system-out/>
  <testcase name="runScenario" time="49.041" classname="com.learncucumber.testrunner.TestRunner">
    <error type="java.lang.NullPointerException">
      <![CDATA[java.lang.NullPointerException
at com.learncucumber.stepdefinition.BaseClass_withCucumber.tearDown(BaseClass_withCucumber.java:32)
]]>
    </error>
  </testcase> <!-- runScenario -->
  <system-out/>
</testsuite> <!-- com.learncucumber.testrunner.TestRunner -->
