<?xml version="1.0" encoding="UTF-8"?>
<!-- Generated by org.testng.reporters.JUnitReportReporter -->
<testsuite skipped="0" hostname="LAPTOP-HID1OCBH" name="com.learncucumber.stepdefinition.Step_definition_9" tests="1" failures="0" timestamp="2022-11-21T16:01:27 IST" time="0.000" errors="0">
  <testcase name="i_am_able_to_see_the_explore_plus_option" time="0.000" classname="com.learncucumber.stepdefinition.Step_definition_9"/>
  <system-out/>
</testsuite> <!-- com.learncucumber.stepdefinition.Step_definition_9 -->
