<?xml version="1.0" encoding="UTF-8"?>
<!-- Generated by org.testng.reporters.JUnitReportReporter -->
<testsuite skipped="0" hostname="LAPTOP-HID1OCBH" name="com.learncucumber.stepdefinition.Step_definition_6" tests="2" failures="0" timestamp="2022-08-25T13:14:33 IST" time="29.833" errors="0">
  <testcase name="i_am_logged_in_to_flipkart" time="12.023" classname="com.learncucumber.stepdefinition.Step_definition_6"/>
  <system-out/>
  <testcase name="i_will_be_able_to_view_and_click_on_all_the_categories_of_product" time="17.810" classname="com.learncucumber.stepdefinition.Step_definition_6"/>
  <system-out/>
</testsuite> <!-- com.learncucumber.stepdefinition.Step_definition_6 -->
